<?xml version="1.0" encoding="UTF-8"?>
<testng-results ignored="0" total="1" passed="1" failed="0" skipped="0">
  <reporter-output>
  </reporter-output>
  <suite started-at="2021-02-11T22:29:45 IST" name="Default suite" finished-at="2021-02-11T22:31:08 IST" duration-ms="83109">
    <groups>
    </groups>
    <test started-at="2021-02-11T22:29:45 IST" name="Default test" finished-at="2021-02-11T22:31:08 IST" duration-ms="83109">
      <class name="com.TestP.qa.Testcases.filters">
        <test-method is-config="true" signature="setUp()[pri:0, instance:com.TestP.qa.Testcases.filters@223d2c72]" started-at="2021-02-11T22:29:45 IST" name="setUp" finished-at="2021-02-11T22:30:05 IST" duration-ms="19664" status="PASS">
          <reporter-output>
          </reporter-output>
        </test-method> <!-- setUp -->
        <test-method signature="test()[pri:0, instance:com.TestP.qa.Testcases.filters@223d2c72]" started-at="2021-02-11T22:30:05 IST" name="test" finished-at="2021-02-11T22:31:07 IST" duration-ms="62166" status="PASS">
          <reporter-output>
          </reporter-output>
        </test-method> <!-- test -->
        <test-method is-config="true" signature="tearDown()[pri:0, instance:com.TestP.qa.Testcases.filters@223d2c72]" started-at="2021-02-11T22:31:07 IST" name="tearDown" finished-at="2021-02-11T22:31:08 IST" duration-ms="1231" status="PASS">
          <reporter-output>
          </reporter-output>
        </test-method> <!-- tearDown -->
      </class> <!-- com.TestP.qa.Testcases.filters -->
    </test> <!-- Default test -->
  </suite> <!-- Default suite -->
</testng-results>
